<?xml version="1.0" encoding="UTF-8"?>
<testsuite name="retrivr.retrivrspring.MockApiSmokeTest" tests="2" skipped="0" failures="0" errors="0" timestamp="2026-04-18T11:40:23.499Z" hostname="DASOL" time="1.159">
  <properties/>
  <testcase name="adminLoginAndProtectedEndpointWork()" classname="retrivr.retrivrspring.MockApiSmokeTest" time="1.147"/>
  <testcase name="publicOrganizationSearchWorks()" classname="retrivr.retrivrspring.MockApiSmokeTest" time="0.011"/>
  <system-out><![CDATA[20:40:20.241 [Test worker] INFO org.springframework.test.context.support.AnnotationConfigContextLoaderUtils -- Could not detect default configuration classes for test class [retrivr.retrivrspring.MockApiSmokeTest]: MockApiSmokeTest does not declare any static, non-private, non-final, nested classes annotated with @Configuration.
20:40:20.480 [Test worker] INFO org.springframework.boot.test.context.SpringBootTestContextBootstrapper -- Found @SpringBootConfiguration retrivr.retrivrspring.RetrivrSpringApplication for test class retrivr.retrivrspring.MockApiSmokeTest

  .   ____          _            __ _ _
 /\\ / ___'_ __ _ _(_)_ __  __ _ \ \ \ \
( ( )\___ | '_ | '_| | '_ \/ _` | \ \ \ \
 \\/  ___)| |_)| | | | | || (_| |  ) ) ) )
  '  |____| .__|_| |_|_| |_\__, | / / / /
 =========|_|==============|___/=/_/_/_/

 :: Spring Boot ::               (v3.5.10)

2026-04-18T20:40:21.142+09:00  INFO 14268 --- [ku-retrivr-server-mock] [    Test worker] retrivr.retrivrspring.MockApiSmokeTest   : Starting MockApiSmokeTest using Java 21.0.6 with PID 14268 (started by pds20 in C:\Users\pds20\KU-Retrivr-Server)
2026-04-18T20:40:21.142+09:00  INFO 14268 --- [ku-retrivr-server-mock] [    Test worker] retrivr.retrivrspring.MockApiSmokeTest   : No active profile set, falling back to 1 default profile: "default"
2026-04-18T20:40:23.415+09:00  INFO 14268 --- [ku-retrivr-server-mock] [    Test worker] o.s.b.t.m.w.SpringBootMockServletContext : Initializing Spring TestDispatcherServlet ''
2026-04-18T20:40:23.415+09:00  INFO 14268 --- [ku-retrivr-server-mock] [    Test worker] o.s.t.web.servlet.TestDispatcherServlet  : Initializing Servlet ''
2026-04-18T20:40:23.415+09:00  INFO 14268 --- [ku-retrivr-server-mock] [    Test worker] o.s.t.web.servlet.TestDispatcherServlet  : Completed initialization in 0 ms
2026-04-18T20:40:23.470+09:00  INFO 14268 --- [ku-retrivr-server-mock] [    Test worker] retrivr.retrivrspring.MockApiSmokeTest   : Started MockApiSmokeTest in 2.768 seconds (process running for 4.69)
2026-04-18T20:40:23.476+09:00  WARN 14268 --- [ku-retrivr-server-mock] [    Test worker] o.s.core.events.SpringDocAppInitializer  : SpringDoc /v3/api-docs endpoint is enabled by default. To disable it in production, set the property 'springdoc.api-docs.enabled=false'
2026-04-18T20:40:23.478+09:00  WARN 14268 --- [ku-retrivr-server-mock] [    Test worker] o.s.core.events.SpringDocAppInitializer  : SpringDoc /swagger-ui.html endpoint is enabled by default. To disable it in production, set the property 'springdoc.swagger-ui.enabled=false'
]]></system-out>
  <system-err><![CDATA[Mockito is currently self-attaching to enable the inline-mock-maker. This will no longer work in future releases of the JDK. Please add Mockito as an agent to your build as described in Mockito's documentation: https://javadoc.io/doc/org.mockito/mockito-core/latest/org.mockito/org/mockito/Mockito.html#0.3
WARNING: A Java agent has been loaded dynamically (C:\Users\pds20\.gradle\caches\modules-2\files-2.1\net.bytebuddy\byte-buddy-agent\1.17.8\f09415827a71be7ed621c7bd02550678f28bc81c\byte-buddy-agent-1.17.8.jar)
WARNING: If a serviceability tool is in use, please run with -XX:+EnableDynamicAgentLoading to hide this warning
WARNING: If a serviceability tool is not in use, please run with -Djdk.instrument.traceUsage for more information
WARNING: Dynamic loading of agents will be disallowed by default in a future release
]]></system-err>
</testsuite>
